

Started GET "/" for 127.0.0.1 at 2015-03-25 03:36:22 -0400

Mysql2::Error (Can't connect to local MySQL server through socket '/var/lib/mysql/mysql.sock' (2)):
  mysql2 (0.3.18) lib/mysql2/client.rb:70:in `connect'
  mysql2 (0.3.18) lib/mysql2/client.rb:70:in `initialize'
  activerecord (4.1.5) lib/active_record/connection_adapters/mysql2_adapter.rb:18:in `new'
  activerecord (4.1.5) lib/active_record/connection_adapters/mysql2_adapter.rb:18:in `mysql2_connection'
  activerecord (4.1.5) lib/active_record/connection_adapters/abstract/connection_pool.rb:435:in `new_connection'
  activerecord (4.1.5) lib/active_record/connection_adapters/abstract/connection_pool.rb:445:in `checkout_new_connection'
  activerecord (4.1.5) lib/active_record/connection_adapters/abstract/connection_pool.rb:416:in `acquire_connection'
  activerecord (4.1.5) lib/active_record/connection_adapters/abstract/connection_pool.rb:351:in `block in checkout'
  /home/AM/.rvm/rubies/ruby-2.0.0-p598/lib/ruby/2.0.0/monitor.rb:211:in `mon_synchronize'
  activerecord (4.1.5) lib/active_record/connection_adapters/abstract/connection_pool.rb:350:in `checkout'
  activerecord (4.1.5) lib/active_record/connection_adapters/abstract/connection_pool.rb:265:in `block in connection'
  /home/AM/.rvm/rubies/ruby-2.0.0-p598/lib/ruby/2.0.0/monitor.rb:211:in `mon_synchronize'
  activerecord (4.1.5) lib/active_record/connection_adapters/abstract/connection_pool.rb:264:in `connection'
  activerecord (4.1.5) lib/active_record/connection_adapters/abstract/connection_pool.rb:541:in `retrieve_connection'
  activerecord (4.1.5) lib/active_record/connection_handling.rb:113:in `retrieve_connection'
  activerecord (4.1.5) lib/active_record/connection_handling.rb:87:in `connection'
  activerecord (4.1.5) lib/active_record/query_cache.rb:51:in `restore_query_cache_settings'
  activerecord (4.1.5) lib/active_record/query_cache.rb:43:in `rescue in call'
  activerecord (4.1.5) lib/active_record/query_cache.rb:32:in `call'
  activerecord (4.1.5) lib/active_record/connection_adapters/abstract/connection_pool.rb:621:in `call'
  activerecord (4.1.5) lib/active_record/migration.rb:380:in `call'
  actionpack (4.1.5) lib/action_dispatch/middleware/callbacks.rb:29:in `block in call'
  activesupport (4.1.5) lib/active_support/callbacks.rb:82:in `run_callbacks'
  actionpack (4.1.5) lib/action_dispatch/middleware/callbacks.rb:27:in `call'
  actionpack (4.1.5) lib/action_dispatch/middleware/reloader.rb:73:in `call'
  actionpack (4.1.5) lib/action_dispatch/middleware/remote_ip.rb:76:in `call'
  actionpack (4.1.5) lib/action_dispatch/middleware/debug_exceptions.rb:17:in `call'
  actionpack (4.1.5) lib/action_dispatch/middleware/show_exceptions.rb:30:in `call'
  railties (4.1.5) lib/rails/rack/logger.rb:38:in `call_app'
  railties (4.1.5) lib/rails/rack/logger.rb:20:in `block in call'
  activesupport (4.1.5) lib/active_support/tagged_logging.rb:68:in `block in tagged'
  activesupport (4.1.5) lib/active_support/tagged_logging.rb:26:in `tagged'
  activesupport (4.1.5) lib/active_support/tagged_logging.rb:68:in `tagged'
  railties (4.1.5) lib/rails/rack/logger.rb:20:in `call'
  actionpack (4.1.5) lib/action_dispatch/middleware/request_id.rb:21:in `call'
  rack (1.5.2) lib/rack/methodoverride.rb:21:in `call'
  rack (1.5.2) lib/rack/runtime.rb:17:in `call'
  activesupport (4.1.5) lib/active_support/cache/strategy/local_cache_middleware.rb:26:in `call'
  rack (1.5.2) lib/rack/lock.rb:17:in `call'
  actionpack (4.1.5) lib/action_dispatch/middleware/static.rb:64:in `call'
  rack (1.5.2) lib/rack/sendfile.rb:112:in `call'
  railties (4.1.5) lib/rails/engine.rb:514:in `call'
  railties (4.1.5) lib/rails/application.rb:144:in `call'
  rack (1.5.2) lib/rack/lock.rb:17:in `call'
  rack (1.5.2) lib/rack/content_length.rb:14:in `call'
  rack (1.5.2) lib/rack/handler/webrick.rb:60:in `service'
  /home/AM/.rvm/rubies/ruby-2.0.0-p598/lib/ruby/2.0.0/webrick/httpserver.rb:138:in `service'
  /home/AM/.rvm/rubies/ruby-2.0.0-p598/lib/ruby/2.0.0/webrick/httpserver.rb:94:in `run'
  /home/AM/.rvm/rubies/ruby-2.0.0-p598/lib/ruby/2.0.0/webrick/server.rb:295:in `block in start_thread'


  Rendered /home/AM/.rvm/gems/ruby-2.0.0-p598/gems/actionpack-4.1.5/lib/action_dispatch/middleware/templates/rescues/_source.erb (1.3ms)
  Rendered /home/AM/.rvm/gems/ruby-2.0.0-p598/gems/actionpack-4.1.5/lib/action_dispatch/middleware/templates/rescues/_trace.html.erb (2.6ms)
  Rendered /home/AM/.rvm/gems/ruby-2.0.0-p598/gems/actionpack-4.1.5/lib/action_dispatch/middleware/templates/rescues/_request_and_response.html.erb (2.3ms)
  Rendered /home/AM/.rvm/gems/ruby-2.0.0-p598/gems/actionpack-4.1.5/lib/action_dispatch/middleware/templates/rescues/diagnostics.erb within rescues/layout (39.4ms)


Started GET "/" for 127.0.0.1 at 2015-03-25 03:44:13 -0400

Mysql2::Error (Access denied for user 'root'@'localhost' (using password: NO)):
  mysql2 (0.3.18) lib/mysql2/client.rb:70:in `connect'
  mysql2 (0.3.18) lib/mysql2/client.rb:70:in `initialize'
  activerecord (4.1.5) lib/active_record/connection_adapters/mysql2_adapter.rb:18:in `new'
  activerecord (4.1.5) lib/active_record/connection_adapters/mysql2_adapter.rb:18:in `mysql2_connection'
  activerecord (4.1.5) lib/active_record/connection_adapters/abstract/connection_pool.rb:435:in `new_connection'
  activerecord (4.1.5) lib/active_record/connection_adapters/abstract/connection_pool.rb:445:in `checkout_new_connection'
  activerecord (4.1.5) lib/active_record/connection_adapters/abstract/connection_pool.rb:416:in `acquire_connection'
  activerecord (4.1.5) lib/active_record/connection_adapters/abstract/connection_pool.rb:351:in `block in checkout'
  /home/AM/.rvm/rubies/ruby-2.0.0-p598/lib/ruby/2.0.0/monitor.rb:211:in `mon_synchronize'
  activerecord (4.1.5) lib/active_record/connection_adapters/abstract/connection_pool.rb:350:in `checkout'
  activerecord (4.1.5) lib/active_record/connection_adapters/abstract/connection_pool.rb:265:in `block in connection'
  /home/AM/.rvm/rubies/ruby-2.0.0-p598/lib/ruby/2.0.0/monitor.rb:211:in `mon_synchronize'
  activerecord (4.1.5) lib/active_record/connection_adapters/abstract/connection_pool.rb:264:in `connection'
  activerecord (4.1.5) lib/active_record/connection_adapters/abstract/connection_pool.rb:541:in `retrieve_connection'
  activerecord (4.1.5) lib/active_record/connection_handling.rb:113:in `retrieve_connection'
  activerecord (4.1.5) lib/active_record/connection_handling.rb:87:in `connection'
  activerecord (4.1.5) lib/active_record/query_cache.rb:51:in `restore_query_cache_settings'
  activerecord (4.1.5) lib/active_record/query_cache.rb:43:in `rescue in call'
  activerecord (4.1.5) lib/active_record/query_cache.rb:32:in `call'
  activerecord (4.1.5) lib/active_record/connection_adapters/abstract/connection_pool.rb:621:in `call'
  activerecord (4.1.5) lib/active_record/migration.rb:380:in `call'
  actionpack (4.1.5) lib/action_dispatch/middleware/callbacks.rb:29:in `block in call'
  activesupport (4.1.5) lib/active_support/callbacks.rb:82:in `run_callbacks'
  actionpack (4.1.5) lib/action_dispatch/middleware/callbacks.rb:27:in `call'
  actionpack (4.1.5) lib/action_dispatch/middleware/reloader.rb:73:in `call'
  actionpack (4.1.5) lib/action_dispatch/middleware/remote_ip.rb:76:in `call'
  actionpack (4.1.5) lib/action_dispatch/middleware/debug_exceptions.rb:17:in `call'
  actionpack (4.1.5) lib/action_dispatch/middleware/show_exceptions.rb:30:in `call'
  railties (4.1.5) lib/rails/rack/logger.rb:38:in `call_app'
  railties (4.1.5) lib/rails/rack/logger.rb:20:in `block in call'
  activesupport (4.1.5) lib/active_support/tagged_logging.rb:68:in `block in tagged'
  activesupport (4.1.5) lib/active_support/tagged_logging.rb:26:in `tagged'
  activesupport (4.1.5) lib/active_support/tagged_logging.rb:68:in `tagged'
  railties (4.1.5) lib/rails/rack/logger.rb:20:in `call'
  actionpack (4.1.5) lib/action_dispatch/middleware/request_id.rb:21:in `call'
  rack (1.5.2) lib/rack/methodoverride.rb:21:in `call'
  rack (1.5.2) lib/rack/runtime.rb:17:in `call'
  activesupport (4.1.5) lib/active_support/cache/strategy/local_cache_middleware.rb:26:in `call'
  rack (1.5.2) lib/rack/lock.rb:17:in `call'
  actionpack (4.1.5) lib/action_dispatch/middleware/static.rb:64:in `call'
  rack (1.5.2) lib/rack/sendfile.rb:112:in `call'
  railties (4.1.5) lib/rails/engine.rb:514:in `call'
  railties (4.1.5) lib/rails/application.rb:144:in `call'
  rack (1.5.2) lib/rack/lock.rb:17:in `call'
  rack (1.5.2) lib/rack/content_length.rb:14:in `call'
  rack (1.5.2) lib/rack/handler/webrick.rb:60:in `service'
  /home/AM/.rvm/rubies/ruby-2.0.0-p598/lib/ruby/2.0.0/webrick/httpserver.rb:138:in `service'
  /home/AM/.rvm/rubies/ruby-2.0.0-p598/lib/ruby/2.0.0/webrick/httpserver.rb:94:in `run'
  /home/AM/.rvm/rubies/ruby-2.0.0-p598/lib/ruby/2.0.0/webrick/server.rb:295:in `block in start_thread'


  Rendered /home/AM/.rvm/gems/ruby-2.0.0-p598/gems/actionpack-4.1.5/lib/action_dispatch/middleware/templates/rescues/_source.erb (1.6ms)
  Rendered /home/AM/.rvm/gems/ruby-2.0.0-p598/gems/actionpack-4.1.5/lib/action_dispatch/middleware/templates/rescues/_trace.html.erb (2.9ms)
  Rendered /home/AM/.rvm/gems/ruby-2.0.0-p598/gems/actionpack-4.1.5/lib/action_dispatch/middleware/templates/rescues/_request_and_response.html.erb (2.4ms)
  Rendered /home/AM/.rvm/gems/ruby-2.0.0-p598/gems/actionpack-4.1.5/lib/action_dispatch/middleware/templates/rescues/diagnostics.erb within rescues/layout (31.6ms)


Started GET "/" for 127.0.0.1 at 2015-03-25 03:50:22 -0400

Mysql2::Error (Access denied for user 'root'@'localhost' (using password: NO)):
  mysql2 (0.3.18) lib/mysql2/client.rb:70:in `connect'
  mysql2 (0.3.18) lib/mysql2/client.rb:70:in `initialize'
  activerecord (4.1.5) lib/active_record/connection_adapters/mysql2_adapter.rb:18:in `new'
  activerecord (4.1.5) lib/active_record/connection_adapters/mysql2_adapter.rb:18:in `mysql2_connection'
  activerecord (4.1.5) lib/active_record/connection_adapters/abstract/connection_pool.rb:435:in `new_connection'
  activerecord (4.1.5) lib/active_record/connection_adapters/abstract/connection_pool.rb:445:in `checkout_new_connection'
  activerecord (4.1.5) lib/active_record/connection_adapters/abstract/connection_pool.rb:416:in `acquire_connection'
  activerecord (4.1.5) lib/active_record/connection_adapters/abstract/connection_pool.rb:351:in `block in checkout'
  /home/AM/.rvm/rubies/ruby-2.0.0-p598/lib/ruby/2.0.0/monitor.rb:211:in `mon_synchronize'
  activerecord (4.1.5) lib/active_record/connection_adapters/abstract/connection_pool.rb:350:in `checkout'
  activerecord (4.1.5) lib/active_record/connection_adapters/abstract/connection_pool.rb:265:in `block in connection'
  /home/AM/.rvm/rubies/ruby-2.0.0-p598/lib/ruby/2.0.0/monitor.rb:211:in `mon_synchronize'
  activerecord (4.1.5) lib/active_record/connection_adapters/abstract/connection_pool.rb:264:in `connection'
  activerecord (4.1.5) lib/active_record/connection_adapters/abstract/connection_pool.rb:541:in `retrieve_connection'
  activerecord (4.1.5) lib/active_record/connection_handling.rb:113:in `retrieve_connection'
  activerecord (4.1.5) lib/active_record/connection_handling.rb:87:in `connection'
  activerecord (4.1.5) lib/active_record/query_cache.rb:51:in `restore_query_cache_settings'
  activerecord (4.1.5) lib/active_record/query_cache.rb:43:in `rescue in call'
  activerecord (4.1.5) lib/active_record/query_cache.rb:32:in `call'
  activerecord (4.1.5) lib/active_record/connection_adapters/abstract/connection_pool.rb:621:in `call'
  activerecord (4.1.5) lib/active_record/migration.rb:380:in `call'
  actionpack (4.1.5) lib/action_dispatch/middleware/callbacks.rb:29:in `block in call'
  activesupport (4.1.5) lib/active_support/callbacks.rb:82:in `run_callbacks'
  actionpack (4.1.5) lib/action_dispatch/middleware/callbacks.rb:27:in `call'
  actionpack (4.1.5) lib/action_dispatch/middleware/reloader.rb:73:in `call'
  actionpack (4.1.5) lib/action_dispatch/middleware/remote_ip.rb:76:in `call'
  actionpack (4.1.5) lib/action_dispatch/middleware/debug_exceptions.rb:17:in `call'
  actionpack (4.1.5) lib/action_dispatch/middleware/show_exceptions.rb:30:in `call'
  railties (4.1.5) lib/rails/rack/logger.rb:38:in `call_app'
  railties (4.1.5) lib/rails/rack/logger.rb:20:in `block in call'
  activesupport (4.1.5) lib/active_support/tagged_logging.rb:68:in `block in tagged'
  activesupport (4.1.5) lib/active_support/tagged_logging.rb:26:in `tagged'
  activesupport (4.1.5) lib/active_support/tagged_logging.rb:68:in `tagged'
  railties (4.1.5) lib/rails/rack/logger.rb:20:in `call'
  actionpack (4.1.5) lib/action_dispatch/middleware/request_id.rb:21:in `call'
  rack (1.5.2) lib/rack/methodoverride.rb:21:in `call'
  rack (1.5.2) lib/rack/runtime.rb:17:in `call'
  activesupport (4.1.5) lib/active_support/cache/strategy/local_cache_middleware.rb:26:in `call'
  rack (1.5.2) lib/rack/lock.rb:17:in `call'
  actionpack (4.1.5) lib/action_dispatch/middleware/static.rb:64:in `call'
  rack (1.5.2) lib/rack/sendfile.rb:112:in `call'
  railties (4.1.5) lib/rails/engine.rb:514:in `call'
  railties (4.1.5) lib/rails/application.rb:144:in `call'
  rack (1.5.2) lib/rack/lock.rb:17:in `call'
  rack (1.5.2) lib/rack/content_length.rb:14:in `call'
  rack (1.5.2) lib/rack/handler/webrick.rb:60:in `service'
  /home/AM/.rvm/rubies/ruby-2.0.0-p598/lib/ruby/2.0.0/webrick/httpserver.rb:138:in `service'
  /home/AM/.rvm/rubies/ruby-2.0.0-p598/lib/ruby/2.0.0/webrick/httpserver.rb:94:in `run'
  /home/AM/.rvm/rubies/ruby-2.0.0-p598/lib/ruby/2.0.0/webrick/server.rb:295:in `block in start_thread'


  Rendered /home/AM/.rvm/gems/ruby-2.0.0-p598/gems/actionpack-4.1.5/lib/action_dispatch/middleware/templates/rescues/_source.erb (3.5ms)
  Rendered /home/AM/.rvm/gems/ruby-2.0.0-p598/gems/actionpack-4.1.5/lib/action_dispatch/middleware/templates/rescues/_trace.html.erb (3.0ms)
  Rendered /home/AM/.rvm/gems/ruby-2.0.0-p598/gems/actionpack-4.1.5/lib/action_dispatch/middleware/templates/rescues/_request_and_response.html.erb (2.8ms)
  Rendered /home/AM/.rvm/gems/ruby-2.0.0-p598/gems/actionpack-4.1.5/lib/action_dispatch/middleware/templates/rescues/diagnostics.erb within rescues/layout (34.2ms)


Started GET "/" for 127.0.0.1 at 2015-03-25 03:50:24 -0400

Mysql2::Error (Access denied for user 'root'@'localhost' (using password: NO)):
  mysql2 (0.3.18) lib/mysql2/client.rb:70:in `connect'
  mysql2 (0.3.18) lib/mysql2/client.rb:70:in `initialize'
  activerecord (4.1.5) lib/active_record/connection_adapters/mysql2_adapter.rb:18:in `new'
  activerecord (4.1.5) lib/active_record/connection_adapters/mysql2_adapter.rb:18:in `mysql2_connection'
  activerecord (4.1.5) lib/active_record/connection_adapters/abstract/connection_pool.rb:435:in `new_connection'
  activerecord (4.1.5) lib/active_record/connection_adapters/abstract/connection_pool.rb:445:in `checkout_new_connection'
  activerecord (4.1.5) lib/active_record/connection_adapters/abstract/connection_pool.rb:416:in `acquire_connection'
  activerecord (4.1.5) lib/active_record/connection_adapters/abstract/connection_pool.rb:351:in `block in checkout'
  /home/AM/.rvm/rubies/ruby-2.0.0-p598/lib/ruby/2.0.0/monitor.rb:211:in `mon_synchronize'
  activerecord (4.1.5) lib/active_record/connection_adapters/abstract/connection_pool.rb:350:in `checkout'
  activerecord (4.1.5) lib/active_record/connection_adapters/abstract/connection_pool.rb:265:in `block in connection'
  /home/AM/.rvm/rubies/ruby-2.0.0-p598/lib/ruby/2.0.0/monitor.rb:211:in `mon_synchronize'
  activerecord (4.1.5) lib/active_record/connection_adapters/abstract/connection_pool.rb:264:in `connection'
  activerecord (4.1.5) lib/active_record/connection_adapters/abstract/connection_pool.rb:541:in `retrieve_connection'
  activerecord (4.1.5) lib/active_record/connection_handling.rb:113:in `retrieve_connection'
  activerecord (4.1.5) lib/active_record/connection_handling.rb:87:in `connection'
  activerecord (4.1.5) lib/active_record/query_cache.rb:51:in `restore_query_cache_settings'
  activerecord (4.1.5) lib/active_record/query_cache.rb:43:in `rescue in call'
  activerecord (4.1.5) lib/active_record/query_cache.rb:32:in `call'
  activerecord (4.1.5) lib/active_record/connection_adapters/abstract/connection_pool.rb:621:in `call'
  activerecord (4.1.5) lib/active_record/migration.rb:380:in `call'
  actionpack (4.1.5) lib/action_dispatch/middleware/callbacks.rb:29:in `block in call'
  activesupport (4.1.5) lib/active_support/callbacks.rb:82:in `run_callbacks'
  actionpack (4.1.5) lib/action_dispatch/middleware/callbacks.rb:27:in `call'
  actionpack (4.1.5) lib/action_dispatch/middleware/reloader.rb:73:in `call'
  actionpack (4.1.5) lib/action_dispatch/middleware/remote_ip.rb:76:in `call'
  actionpack (4.1.5) lib/action_dispatch/middleware/debug_exceptions.rb:17:in `call'
  actionpack (4.1.5) lib/action_dispatch/middleware/show_exceptions.rb:30:in `call'
  railties (4.1.5) lib/rails/rack/logger.rb:38:in `call_app'
  railties (4.1.5) lib/rails/rack/logger.rb:20:in `block in call'
  activesupport (4.1.5) lib/active_support/tagged_logging.rb:68:in `block in tagged'
  activesupport (4.1.5) lib/active_support/tagged_logging.rb:26:in `tagged'
  activesupport (4.1.5) lib/active_support/tagged_logging.rb:68:in `tagged'
  railties (4.1.5) lib/rails/rack/logger.rb:20:in `call'
  actionpack (4.1.5) lib/action_dispatch/middleware/request_id.rb:21:in `call'
  rack (1.5.2) lib/rack/methodoverride.rb:21:in `call'
  rack (1.5.2) lib/rack/runtime.rb:17:in `call'
  activesupport (4.1.5) lib/active_support/cache/strategy/local_cache_middleware.rb:26:in `call'
  rack (1.5.2) lib/rack/lock.rb:17:in `call'
  actionpack (4.1.5) lib/action_dispatch/middleware/static.rb:64:in `call'
  rack (1.5.2) lib/rack/sendfile.rb:112:in `call'
  railties (4.1.5) lib/rails/engine.rb:514:in `call'
  railties (4.1.5) lib/rails/application.rb:144:in `call'
  rack (1.5.2) lib/rack/lock.rb:17:in `call'
  rack (1.5.2) lib/rack/content_length.rb:14:in `call'
  rack (1.5.2) lib/rack/handler/webrick.rb:60:in `service'
  /home/AM/.rvm/rubies/ruby-2.0.0-p598/lib/ruby/2.0.0/webrick/httpserver.rb:138:in `service'
  /home/AM/.rvm/rubies/ruby-2.0.0-p598/lib/ruby/2.0.0/webrick/httpserver.rb:94:in `run'
  /home/AM/.rvm/rubies/ruby-2.0.0-p598/lib/ruby/2.0.0/webrick/server.rb:295:in `block in start_thread'


  Rendered /home/AM/.rvm/gems/ruby-2.0.0-p598/gems/actionpack-4.1.5/lib/action_dispatch/middleware/templates/rescues/_source.erb (1.7ms)
  Rendered /home/AM/.rvm/gems/ruby-2.0.0-p598/gems/actionpack-4.1.5/lib/action_dispatch/middleware/templates/rescues/_trace.html.erb (2.8ms)
  Rendered /home/AM/.rvm/gems/ruby-2.0.0-p598/gems/actionpack-4.1.5/lib/action_dispatch/middleware/templates/rescues/_request_and_response.html.erb (2.5ms)
  Rendered /home/AM/.rvm/gems/ruby-2.0.0-p598/gems/actionpack-4.1.5/lib/action_dispatch/middleware/templates/rescues/diagnostics.erb within rescues/layout (31.6ms)


Started GET "/" for 127.0.0.1 at 2015-03-25 03:50:25 -0400

Mysql2::Error (Access denied for user 'root'@'localhost' (using password: NO)):
  mysql2 (0.3.18) lib/mysql2/client.rb:70:in `connect'
  mysql2 (0.3.18) lib/mysql2/client.rb:70:in `initialize'
  activerecord (4.1.5) lib/active_record/connection_adapters/mysql2_adapter.rb:18:in `new'
  activerecord (4.1.5) lib/active_record/connection_adapters/mysql2_adapter.rb:18:in `mysql2_connection'
  activerecord (4.1.5) lib/active_record/connection_adapters/abstract/connection_pool.rb:435:in `new_connection'
  activerecord (4.1.5) lib/active_record/connection_adapters/abstract/connection_pool.rb:445:in `checkout_new_connection'
  activerecord (4.1.5) lib/active_record/connection_adapters/abstract/connection_pool.rb:416:in `acquire_connection'
  activerecord (4.1.5) lib/active_record/connection_adapters/abstract/connection_pool.rb:351:in `block in checkout'
  /home/AM/.rvm/rubies/ruby-2.0.0-p598/lib/ruby/2.0.0/monitor.rb:211:in `mon_synchronize'
  activerecord (4.1.5) lib/active_record/connection_adapters/abstract/connection_pool.rb:350:in `checkout'
  activerecord (4.1.5) lib/active_record/connection_adapters/abstract/connection_pool.rb:265:in `block in connection'
  /home/AM/.rvm/rubies/ruby-2.0.0-p598/lib/ruby/2.0.0/monitor.rb:211:in `mon_synchronize'
  activerecord (4.1.5) lib/active_record/connection_adapters/abstract/connection_pool.rb:264:in `connection'
  activerecord (4.1.5) lib/active_record/connection_adapters/abstract/connection_pool.rb:541:in `retrieve_connection'
  activerecord (4.1.5) lib/active_record/connection_handling.rb:113:in `retrieve_connection'
  activerecord (4.1.5) lib/active_record/connection_handling.rb:87:in `connection'
  activerecord (4.1.5) lib/active_record/query_cache.rb:51:in `restore_query_cache_settings'
  activerecord (4.1.5) lib/active_record/query_cache.rb:43:in `rescue in call'
  activerecord (4.1.5) lib/active_record/query_cache.rb:32:in `call'
  activerecord (4.1.5) lib/active_record/connection_adapters/abstract/connection_pool.rb:621:in `call'
  activerecord (4.1.5) lib/active_record/migration.rb:380:in `call'
  actionpack (4.1.5) lib/action_dispatch/middleware/callbacks.rb:29:in `block in call'
  activesupport (4.1.5) lib/active_support/callbacks.rb:82:in `run_callbacks'
  actionpack (4.1.5) lib/action_dispatch/middleware/callbacks.rb:27:in `call'
  actionpack (4.1.5) lib/action_dispatch/middleware/reloader.rb:73:in `call'
  actionpack (4.1.5) lib/action_dispatch/middleware/remote_ip.rb:76:in `call'
  actionpack (4.1.5) lib/action_dispatch/middleware/debug_exceptions.rb:17:in `call'
  actionpack (4.1.5) lib/action_dispatch/middleware/show_exceptions.rb:30:in `call'
  railties (4.1.5) lib/rails/rack/logger.rb:38:in `call_app'
  railties (4.1.5) lib/rails/rack/logger.rb:20:in `block in call'
  activesupport (4.1.5) lib/active_support/tagged_logging.rb:68:in `block in tagged'
  activesupport (4.1.5) lib/active_support/tagged_logging.rb:26:in `tagged'
  activesupport (4.1.5) lib/active_support/tagged_logging.rb:68:in `tagged'
  railties (4.1.5) lib/rails/rack/logger.rb:20:in `call'
  actionpack (4.1.5) lib/action_dispatch/middleware/request_id.rb:21:in `call'
  rack (1.5.2) lib/rack/methodoverride.rb:21:in `call'
  rack (1.5.2) lib/rack/runtime.rb:17:in `call'
  activesupport (4.1.5) lib/active_support/cache/strategy/local_cache_middleware.rb:26:in `call'
  rack (1.5.2) lib/rack/lock.rb:17:in `call'
  actionpack (4.1.5) lib/action_dispatch/middleware/static.rb:64:in `call'
  rack (1.5.2) lib/rack/sendfile.rb:112:in `call'
  railties (4.1.5) lib/rails/engine.rb:514:in `call'
  railties (4.1.5) lib/rails/application.rb:144:in `call'
  rack (1.5.2) lib/rack/lock.rb:17:in `call'
  rack (1.5.2) lib/rack/content_length.rb:14:in `call'
  rack (1.5.2) lib/rack/handler/webrick.rb:60:in `service'
  /home/AM/.rvm/rubies/ruby-2.0.0-p598/lib/ruby/2.0.0/webrick/httpserver.rb:138:in `service'
  /home/AM/.rvm/rubies/ruby-2.0.0-p598/lib/ruby/2.0.0/webrick/httpserver.rb:94:in `run'
  /home/AM/.rvm/rubies/ruby-2.0.0-p598/lib/ruby/2.0.0/webrick/server.rb:295:in `block in start_thread'


  Rendered /home/AM/.rvm/gems/ruby-2.0.0-p598/gems/actionpack-4.1.5/lib/action_dispatch/middleware/templates/rescues/_source.erb (1.3ms)
  Rendered /home/AM/.rvm/gems/ruby-2.0.0-p598/gems/actionpack-4.1.5/lib/action_dispatch/middleware/templates/rescues/_trace.html.erb (3.2ms)
  Rendered /home/AM/.rvm/gems/ruby-2.0.0-p598/gems/actionpack-4.1.5/lib/action_dispatch/middleware/templates/rescues/_request_and_response.html.erb (2.5ms)
  Rendered /home/AM/.rvm/gems/ruby-2.0.0-p598/gems/actionpack-4.1.5/lib/action_dispatch/middleware/templates/rescues/diagnostics.erb within rescues/layout (30.8ms)


Started GET "/" for 127.0.0.1 at 2015-03-25 03:51:20 -0400

Mysql2::Error (Access denied for user 'root'@'localhost' (using password: NO)):
  mysql2 (0.3.18) lib/mysql2/client.rb:70:in `connect'
  mysql2 (0.3.18) lib/mysql2/client.rb:70:in `initialize'
  activerecord (4.1.5) lib/active_record/connection_adapters/mysql2_adapter.rb:18:in `new'
  activerecord (4.1.5) lib/active_record/connection_adapters/mysql2_adapter.rb:18:in `mysql2_connection'
  activerecord (4.1.5) lib/active_record/connection_adapters/abstract/connection_pool.rb:435:in `new_connection'
  activerecord (4.1.5) lib/active_record/connection_adapters/abstract/connection_pool.rb:445:in `checkout_new_connection'
  activerecord (4.1.5) lib/active_record/connection_adapters/abstract/connection_pool.rb:416:in `acquire_connection'
  activerecord (4.1.5) lib/active_record/connection_adapters/abstract/connection_pool.rb:351:in `block in checkout'
  /home/AM/.rvm/rubies/ruby-2.0.0-p598/lib/ruby/2.0.0/monitor.rb:211:in `mon_synchronize'
  activerecord (4.1.5) lib/active_record/connection_adapters/abstract/connection_pool.rb:350:in `checkout'
  activerecord (4.1.5) lib/active_record/connection_adapters/abstract/connection_pool.rb:265:in `block in connection'
  /home/AM/.rvm/rubies/ruby-2.0.0-p598/lib/ruby/2.0.0/monitor.rb:211:in `mon_synchronize'
  activerecord (4.1.5) lib/active_record/connection_adapters/abstract/connection_pool.rb:264:in `connection'
  activerecord (4.1.5) lib/active_record/connection_adapters/abstract/connection_pool.rb:541:in `retrieve_connection'
  activerecord (4.1.5) lib/active_record/connection_handling.rb:113:in `retrieve_connection'
  activerecord (4.1.5) lib/active_record/connection_handling.rb:87:in `connection'
  activerecord (4.1.5) lib/active_record/query_cache.rb:51:in `restore_query_cache_settings'
  activerecord (4.1.5) lib/active_record/query_cache.rb:43:in `rescue in call'
  activerecord (4.1.5) lib/active_record/query_cache.rb:32:in `call'
  activerecord (4.1.5) lib/active_record/connection_adapters/abstract/connection_pool.rb:621:in `call'
  activerecord (4.1.5) lib/active_record/migration.rb:380:in `call'
  actionpack (4.1.5) lib/action_dispatch/middleware/callbacks.rb:29:in `block in call'
  activesupport (4.1.5) lib/active_support/callbacks.rb:82:in `run_callbacks'
  actionpack (4.1.5) lib/action_dispatch/middleware/callbacks.rb:27:in `call'
  actionpack (4.1.5) lib/action_dispatch/middleware/reloader.rb:73:in `call'
  actionpack (4.1.5) lib/action_dispatch/middleware/remote_ip.rb:76:in `call'
  actionpack (4.1.5) lib/action_dispatch/middleware/debug_exceptions.rb:17:in `call'
  actionpack (4.1.5) lib/action_dispatch/middleware/show_exceptions.rb:30:in `call'
  railties (4.1.5) lib/rails/rack/logger.rb:38:in `call_app'
  railties (4.1.5) lib/rails/rack/logger.rb:20:in `block in call'
  activesupport (4.1.5) lib/active_support/tagged_logging.rb:68:in `block in tagged'
  activesupport (4.1.5) lib/active_support/tagged_logging.rb:26:in `tagged'
  activesupport (4.1.5) lib/active_support/tagged_logging.rb:68:in `tagged'
  railties (4.1.5) lib/rails/rack/logger.rb:20:in `call'
  actionpack (4.1.5) lib/action_dispatch/middleware/request_id.rb:21:in `call'
  rack (1.5.2) lib/rack/methodoverride.rb:21:in `call'
  rack (1.5.2) lib/rack/runtime.rb:17:in `call'
  activesupport (4.1.5) lib/active_support/cache/strategy/local_cache_middleware.rb:26:in `call'
  rack (1.5.2) lib/rack/lock.rb:17:in `call'
  actionpack (4.1.5) lib/action_dispatch/middleware/static.rb:64:in `call'
  rack (1.5.2) lib/rack/sendfile.rb:112:in `call'
  railties (4.1.5) lib/rails/engine.rb:514:in `call'
  railties (4.1.5) lib/rails/application.rb:144:in `call'
  rack (1.5.2) lib/rack/lock.rb:17:in `call'
  rack (1.5.2) lib/rack/content_length.rb:14:in `call'
  rack (1.5.2) lib/rack/handler/webrick.rb:60:in `service'
  /home/AM/.rvm/rubies/ruby-2.0.0-p598/lib/ruby/2.0.0/webrick/httpserver.rb:138:in `service'
  /home/AM/.rvm/rubies/ruby-2.0.0-p598/lib/ruby/2.0.0/webrick/httpserver.rb:94:in `run'
  /home/AM/.rvm/rubies/ruby-2.0.0-p598/lib/ruby/2.0.0/webrick/server.rb:295:in `block in start_thread'


  Rendered /home/AM/.rvm/gems/ruby-2.0.0-p598/gems/actionpack-4.1.5/lib/action_dispatch/middleware/templates/rescues/_source.erb (1.4ms)
  Rendered /home/AM/.rvm/gems/ruby-2.0.0-p598/gems/actionpack-4.1.5/lib/action_dispatch/middleware/templates/rescues/_trace.html.erb (3.1ms)
  Rendered /home/AM/.rvm/gems/ruby-2.0.0-p598/gems/actionpack-4.1.5/lib/action_dispatch/middleware/templates/rescues/_request_and_response.html.erb (2.5ms)
  Rendered /home/AM/.rvm/gems/ruby-2.0.0-p598/gems/actionpack-4.1.5/lib/action_dispatch/middleware/templates/rescues/diagnostics.erb within rescues/layout (31.9ms)


Started GET "/" for 127.0.0.1 at 2015-03-25 03:51:35 -0400

Mysql2::Error (Access denied for user 'root'@'localhost' (using password: NO)):
  mysql2 (0.3.18) lib/mysql2/client.rb:70:in `connect'
  mysql2 (0.3.18) lib/mysql2/client.rb:70:in `initialize'
  activerecord (4.1.5) lib/active_record/connection_adapters/mysql2_adapter.rb:18:in `new'
  activerecord (4.1.5) lib/active_record/connection_adapters/mysql2_adapter.rb:18:in `mysql2_connection'
  activerecord (4.1.5) lib/active_record/connection_adapters/abstract/connection_pool.rb:435:in `new_connection'
  activerecord (4.1.5) lib/active_record/connection_adapters/abstract/connection_pool.rb:445:in `checkout_new_connection'
  activerecord (4.1.5) lib/active_record/connection_adapters/abstract/connection_pool.rb:416:in `acquire_connection'
  activerecord (4.1.5) lib/active_record/connection_adapters/abstract/connection_pool.rb:351:in `block in checkout'
  /home/AM/.rvm/rubies/ruby-2.0.0-p598/lib/ruby/2.0.0/monitor.rb:211:in `mon_synchronize'
  activerecord (4.1.5) lib/active_record/connection_adapters/abstract/connection_pool.rb:350:in `checkout'
  activerecord (4.1.5) lib/active_record/connection_adapters/abstract/connection_pool.rb:265:in `block in connection'
  /home/AM/.rvm/rubies/ruby-2.0.0-p598/lib/ruby/2.0.0/monitor.rb:211:in `mon_synchronize'
  activerecord (4.1.5) lib/active_record/connection_adapters/abstract/connection_pool.rb:264:in `connection'
  activerecord (4.1.5) lib/active_record/connection_adapters/abstract/connection_pool.rb:541:in `retrieve_connection'
  activerecord (4.1.5) lib/active_record/connection_handling.rb:113:in `retrieve_connection'
  activerecord (4.1.5) lib/active_record/connection_handling.rb:87:in `connection'
  activerecord (4.1.5) lib/active_record/query_cache.rb:51:in `restore_query_cache_settings'
  activerecord (4.1.5) lib/active_record/query_cache.rb:43:in `rescue in call'
  activerecord (4.1.5) lib/active_record/query_cache.rb:32:in `call'
  activerecord (4.1.5) lib/active_record/connection_adapters/abstract/connection_pool.rb:621:in `call'
  activerecord (4.1.5) lib/active_record/migration.rb:380:in `call'
  actionpack (4.1.5) lib/action_dispatch/middleware/callbacks.rb:29:in `block in call'
  activesupport (4.1.5) lib/active_support/callbacks.rb:82:in `run_callbacks'
  actionpack (4.1.5) lib/action_dispatch/middleware/callbacks.rb:27:in `call'
  actionpack (4.1.5) lib/action_dispatch/middleware/reloader.rb:73:in `call'
  actionpack (4.1.5) lib/action_dispatch/middleware/remote_ip.rb:76:in `call'
  actionpack (4.1.5) lib/action_dispatch/middleware/debug_exceptions.rb:17:in `call'
  actionpack (4.1.5) lib/action_dispatch/middleware/show_exceptions.rb:30:in `call'
  railties (4.1.5) lib/rails/rack/logger.rb:38:in `call_app'
  railties (4.1.5) lib/rails/rack/logger.rb:20:in `block in call'
  activesupport (4.1.5) lib/active_support/tagged_logging.rb:68:in `block in tagged'
  activesupport (4.1.5) lib/active_support/tagged_logging.rb:26:in `tagged'
  activesupport (4.1.5) lib/active_support/tagged_logging.rb:68:in `tagged'
  railties (4.1.5) lib/rails/rack/logger.rb:20:in `call'
  actionpack (4.1.5) lib/action_dispatch/middleware/request_id.rb:21:in `call'
  rack (1.5.2) lib/rack/methodoverride.rb:21:in `call'
  rack (1.5.2) lib/rack/runtime.rb:17:in `call'
  activesupport (4.1.5) lib/active_support/cache/strategy/local_cache_middleware.rb:26:in `call'
  rack (1.5.2) lib/rack/lock.rb:17:in `call'
  actionpack (4.1.5) lib/action_dispatch/middleware/static.rb:64:in `call'
  rack (1.5.2) lib/rack/sendfile.rb:112:in `call'
  railties (4.1.5) lib/rails/engine.rb:514:in `call'
  railties (4.1.5) lib/rails/application.rb:144:in `call'
  rack (1.5.2) lib/rack/lock.rb:17:in `call'
  rack (1.5.2) lib/rack/content_length.rb:14:in `call'
  rack (1.5.2) lib/rack/handler/webrick.rb:60:in `service'
  /home/AM/.rvm/rubies/ruby-2.0.0-p598/lib/ruby/2.0.0/webrick/httpserver.rb:138:in `service'
  /home/AM/.rvm/rubies/ruby-2.0.0-p598/lib/ruby/2.0.0/webrick/httpserver.rb:94:in `run'
  /home/AM/.rvm/rubies/ruby-2.0.0-p598/lib/ruby/2.0.0/webrick/server.rb:295:in `block in start_thread'


  Rendered /home/AM/.rvm/gems/ruby-2.0.0-p598/gems/actionpack-4.1.5/lib/action_dispatch/middleware/templates/rescues/_source.erb (1.2ms)
  Rendered /home/AM/.rvm/gems/ruby-2.0.0-p598/gems/actionpack-4.1.5/lib/action_dispatch/middleware/templates/rescues/_trace.html.erb (2.8ms)
  Rendered /home/AM/.rvm/gems/ruby-2.0.0-p598/gems/actionpack-4.1.5/lib/action_dispatch/middleware/templates/rescues/_request_and_response.html.erb (2.4ms)
  Rendered /home/AM/.rvm/gems/ruby-2.0.0-p598/gems/actionpack-4.1.5/lib/action_dispatch/middleware/templates/rescues/diagnostics.erb within rescues/layout (29.6ms)


Started GET "/" for 127.0.0.1 at 2015-03-25 03:52:30 -0400
Processing by Rails::WelcomeController#index as HTML
  Rendered /home/AM/.rvm/gems/ruby-2.0.0-p598/gems/railties-4.1.5/lib/rails/templates/rails/welcome/index.html.erb (3.7ms)
Completed 200 OK in 33ms (Views: 14.2ms | ActiveRecord: 0.0ms)


Started GET "/rails/info/properties" for 127.0.0.1 at 2015-03-25 03:52:34 -0400
Processing by Rails::InfoController#properties as HTML
  Rendered /home/AM/.rvm/gems/ruby-2.0.0-p598/gems/railties-4.1.5/lib/rails/templates/rails/info/properties.html.erb (1.0ms)
Completed 200 OK in 118ms (Views: 15.5ms | ActiveRecord: 61.1ms)


Started GET "/AutomatedMetareview" for 127.0.0.1 at 2015-03-25 03:56:36 -0400

ActionController::RoutingError (No route matches [GET] "/AutomatedMetareview"):
  actionpack (4.1.5) lib/action_dispatch/middleware/debug_exceptions.rb:21:in `call'
  actionpack (4.1.5) lib/action_dispatch/middleware/show_exceptions.rb:30:in `call'
  railties (4.1.5) lib/rails/rack/logger.rb:38:in `call_app'
  railties (4.1.5) lib/rails/rack/logger.rb:20:in `block in call'
  activesupport (4.1.5) lib/active_support/tagged_logging.rb:68:in `block in tagged'
  activesupport (4.1.5) lib/active_support/tagged_logging.rb:26:in `tagged'
  activesupport (4.1.5) lib/active_support/tagged_logging.rb:68:in `tagged'
  railties (4.1.5) lib/rails/rack/logger.rb:20:in `call'
  actionpack (4.1.5) lib/action_dispatch/middleware/request_id.rb:21:in `call'
  rack (1.5.2) lib/rack/methodoverride.rb:21:in `call'
  rack (1.5.2) lib/rack/runtime.rb:17:in `call'
  activesupport (4.1.5) lib/active_support/cache/strategy/local_cache_middleware.rb:26:in `call'
  rack (1.5.2) lib/rack/lock.rb:17:in `call'
  actionpack (4.1.5) lib/action_dispatch/middleware/static.rb:64:in `call'
  rack (1.5.2) lib/rack/sendfile.rb:112:in `call'
  railties (4.1.5) lib/rails/engine.rb:514:in `call'
  railties (4.1.5) lib/rails/application.rb:144:in `call'
  rack (1.5.2) lib/rack/lock.rb:17:in `call'
  rack (1.5.2) lib/rack/content_length.rb:14:in `call'
  rack (1.5.2) lib/rack/handler/webrick.rb:60:in `service'
  /home/AM/.rvm/rubies/ruby-2.0.0-p598/lib/ruby/2.0.0/webrick/httpserver.rb:138:in `service'
  /home/AM/.rvm/rubies/ruby-2.0.0-p598/lib/ruby/2.0.0/webrick/httpserver.rb:94:in `run'
  /home/AM/.rvm/rubies/ruby-2.0.0-p598/lib/ruby/2.0.0/webrick/server.rb:295:in `block in start_thread'


  Rendered /home/AM/.rvm/gems/ruby-2.0.0-p598/gems/actionpack-4.1.5/lib/action_dispatch/middleware/templates/rescues/_trace.html.erb (2.3ms)
  Rendered /home/AM/.rvm/gems/ruby-2.0.0-p598/gems/actionpack-4.1.5/lib/action_dispatch/middleware/templates/routes/_route.html.erb (1.8ms)
  Rendered /home/AM/.rvm/gems/ruby-2.0.0-p598/gems/actionpack-4.1.5/lib/action_dispatch/middleware/templates/routes/_table.html.erb (13.2ms)
  Rendered /home/AM/.rvm/gems/ruby-2.0.0-p598/gems/actionpack-4.1.5/lib/action_dispatch/middleware/templates/rescues/routing_error.html.erb within rescues/layout (49.7ms)


Started GET "/AutomatedMetareview" for 127.0.0.1 at 2015-03-25 04:15:50 -0400

ActionController::RoutingError (No route matches [GET] "/AutomatedMetareview"):
  actionpack (4.1.5) lib/action_dispatch/middleware/debug_exceptions.rb:21:in `call'
  actionpack (4.1.5) lib/action_dispatch/middleware/show_exceptions.rb:30:in `call'
  railties (4.1.5) lib/rails/rack/logger.rb:38:in `call_app'
  railties (4.1.5) lib/rails/rack/logger.rb:20:in `block in call'
  activesupport (4.1.5) lib/active_support/tagged_logging.rb:68:in `block in tagged'
  activesupport (4.1.5) lib/active_support/tagged_logging.rb:26:in `tagged'
  activesupport (4.1.5) lib/active_support/tagged_logging.rb:68:in `tagged'
  railties (4.1.5) lib/rails/rack/logger.rb:20:in `call'
  actionpack (4.1.5) lib/action_dispatch/middleware/request_id.rb:21:in `call'
  rack (1.5.2) lib/rack/methodoverride.rb:21:in `call'
  rack (1.5.2) lib/rack/runtime.rb:17:in `call'
  activesupport (4.1.5) lib/active_support/cache/strategy/local_cache_middleware.rb:26:in `call'
  rack (1.5.2) lib/rack/lock.rb:17:in `call'
  actionpack (4.1.5) lib/action_dispatch/middleware/static.rb:64:in `call'
  rack (1.5.2) lib/rack/sendfile.rb:112:in `call'
  railties (4.1.5) lib/rails/engine.rb:514:in `call'
  railties (4.1.5) lib/rails/application.rb:144:in `call'
  rack (1.5.2) lib/rack/lock.rb:17:in `call'
  rack (1.5.2) lib/rack/content_length.rb:14:in `call'
  rack (1.5.2) lib/rack/handler/webrick.rb:60:in `service'
  /home/AM/.rvm/rubies/ruby-2.0.0-p598/lib/ruby/2.0.0/webrick/httpserver.rb:138:in `service'
  /home/AM/.rvm/rubies/ruby-2.0.0-p598/lib/ruby/2.0.0/webrick/httpserver.rb:94:in `run'
  /home/AM/.rvm/rubies/ruby-2.0.0-p598/lib/ruby/2.0.0/webrick/server.rb:295:in `block in start_thread'


  Rendered /home/AM/.rvm/gems/ruby-2.0.0-p598/gems/actionpack-4.1.5/lib/action_dispatch/middleware/templates/rescues/_trace.html.erb (2.6ms)
  Rendered /home/AM/.rvm/gems/ruby-2.0.0-p598/gems/actionpack-4.1.5/lib/action_dispatch/middleware/templates/routes/_route.html.erb (2.0ms)
  Rendered /home/AM/.rvm/gems/ruby-2.0.0-p598/gems/actionpack-4.1.5/lib/action_dispatch/middleware/templates/routes/_table.html.erb (14.7ms)
  Rendered /home/AM/.rvm/gems/ruby-2.0.0-p598/gems/actionpack-4.1.5/lib/action_dispatch/middleware/templates/rescues/routing_error.html.erb within rescues/layout (59.9ms)


Started GET "/automated_metareview/AutomatedMetareview" for 127.0.0.1 at 2015-03-25 04:16:05 -0400
Processing by AutomatedMetareviewController#AutomatedMetareview as HTML
  Rendered automated_metareview/AutomatedMetareview.html.erb within layouts/application (0.9ms)
Completed 500 Internal Server Error in 239ms

ActionView::Template::Error (Could not find a JavaScript runtime. See https://github.com/sstephenson/execjs for a list of available runtimes.
  (in /home/AM/.rvm/gems/ruby-2.0.0-p598/gems/turbolinks-2.5.3/lib/assets/javascripts/turbolinks.js.coffee)):
    3: <head>
    4:   <title>AutomatedMetareviewWebService</title>
    5:   <%= stylesheet_link_tag    'application', media: 'all', 'data-turbolinks-track' => true %>
    6:   <%= javascript_include_tag 'application', 'data-turbolinks-track' => true %>
    7:   <%= csrf_meta_tags %>
    8: </head>
    9: <body>
  app/views/layouts/application.html.erb:6:in `_app_views_layouts_application_html_erb___281809451212875919_36274320'


  Rendered /home/AM/.rvm/gems/ruby-2.0.0-p598/gems/actionpack-4.1.5/lib/action_dispatch/middleware/templates/rescues/_trace.html.erb (2.9ms)
  Rendered /home/AM/.rvm/gems/ruby-2.0.0-p598/gems/actionpack-4.1.5/lib/action_dispatch/middleware/templates/rescues/_request_and_response.html.erb (2.2ms)
  Rendered /home/AM/.rvm/gems/ruby-2.0.0-p598/gems/actionpack-4.1.5/lib/action_dispatch/middleware/templates/rescues/template_error.html.erb within rescues/layout (22.2ms)


Started GET "/automated_metareview/AutomatedMetareview" for 127.0.0.1 at 2015-03-25 04:21:19 -0400
Processing by AutomatedMetareviewController#AutomatedMetareview as HTML
  Rendered automated_metareview/AutomatedMetareview.html.erb within layouts/application (0.1ms)
Completed 200 OK in 1414ms (Views: 1412.3ms | ActiveRecord: 0.0ms)


Started GET "/assets/automated_metareview.css?body=1" for 127.0.0.1 at 2015-03-25 04:21:20 -0400


Started GET "/assets/application.css?body=1" for 127.0.0.1 at 2015-03-25 04:21:20 -0400


Started GET "/assets/jquery.js?body=1" for 127.0.0.1 at 2015-03-25 04:21:20 -0400


Started GET "/assets/application.js?body=1" for 127.0.0.1 at 2015-03-25 04:21:20 -0400


Started GET "/assets/jquery_ujs.js?body=1" for 127.0.0.1 at 2015-03-25 04:21:20 -0400


Started GET "/assets/turbolinks.js?body=1" for 127.0.0.1 at 2015-03-25 04:21:20 -0400


Started GET "/assets/automated_metareview.js?body=1" for 127.0.0.1 at 2015-03-25 04:21:20 -0400


Started GET "/automated_metareview/AutomatedMetareview" for 127.0.0.1 at 2015-03-25 04:32:23 -0400
Processing by AutomatedMetareviewController#AutomatedMetareview as HTML
  Rendered automated_metareview/AutomatedMetareview.html.erb within layouts/application (2.5ms)
Completed 200 OK in 205ms (Views: 185.7ms | ActiveRecord: 0.0ms)


Started GET "/assets/automated_metareview.css?body=1" for 127.0.0.1 at 2015-03-25 04:32:23 -0400


Started GET "/assets/turbolinks.js?body=1" for 127.0.0.1 at 2015-03-25 04:32:24 -0400


Started GET "/assets/jquery.js?body=1" for 127.0.0.1 at 2015-03-25 04:32:24 -0400


Started GET "/assets/application.js?body=1" for 127.0.0.1 at 2015-03-25 04:32:24 -0400


Started GET "/assets/automated_metareview.js?body=1" for 127.0.0.1 at 2015-03-25 04:32:24 -0400


Started GET "/assets/application.css?body=1" for 127.0.0.1 at 2015-03-25 04:32:24 -0400


Started GET "/assets/jquery_ujs.js?body=1" for 127.0.0.1 at 2015-03-25 04:32:24 -0400


Started GET "/automated_metareview/AutomatedMetareview" for 127.0.0.1 at 2015-03-25 04:36:21 -0400

LoadError (cannot load such file -- wordnet):
  app/controllers/automated_metareview_controller.rb:2:in `<top (required)>'


  Rendered /home/AM/.rvm/gems/ruby-2.0.0-p598/gems/actionpack-4.1.5/lib/action_dispatch/middleware/templates/rescues/_source.erb (1.9ms)
  Rendered /home/AM/.rvm/gems/ruby-2.0.0-p598/gems/actionpack-4.1.5/lib/action_dispatch/middleware/templates/rescues/_trace.html.erb (3.1ms)
  Rendered /home/AM/.rvm/gems/ruby-2.0.0-p598/gems/actionpack-4.1.5/lib/action_dispatch/middleware/templates/rescues/_request_and_response.html.erb (21.3ms)
  Rendered /home/AM/.rvm/gems/ruby-2.0.0-p598/gems/actionpack-4.1.5/lib/action_dispatch/middleware/templates/rescues/diagnostics.erb within rescues/layout (59.3ms)


Started GET "/automated_metareview/AutomatedMetareview" for 127.0.0.1 at 2015-03-25 04:37:44 -0400

LoadError (cannot load such file -- wordnet):
  app/controllers/automated_metareview_controller.rb:2:in `<top (required)>'


  Rendered /home/AM/.rvm/gems/ruby-2.0.0-p598/gems/actionpack-4.1.5/lib/action_dispatch/middleware/templates/rescues/_source.erb (1.9ms)
  Rendered /home/AM/.rvm/gems/ruby-2.0.0-p598/gems/actionpack-4.1.5/lib/action_dispatch/middleware/templates/rescues/_trace.html.erb (3.7ms)
  Rendered /home/AM/.rvm/gems/ruby-2.0.0-p598/gems/actionpack-4.1.5/lib/action_dispatch/middleware/templates/rescues/_request_and_response.html.erb (3.2ms)
  Rendered /home/AM/.rvm/gems/ruby-2.0.0-p598/gems/actionpack-4.1.5/lib/action_dispatch/middleware/templates/rescues/diagnostics.erb within rescues/layout (36.5ms)


Started GET "/automated_metareview/AutomatedMetareview" for 127.0.0.1 at 2015-03-25 04:37:46 -0400

LoadError (cannot load such file -- wordnet):
  app/controllers/automated_metareview_controller.rb:2:in `<top (required)>'


  Rendered /home/AM/.rvm/gems/ruby-2.0.0-p598/gems/actionpack-4.1.5/lib/action_dispatch/middleware/templates/rescues/_source.erb (1.9ms)
  Rendered /home/AM/.rvm/gems/ruby-2.0.0-p598/gems/actionpack-4.1.5/lib/action_dispatch/middleware/templates/rescues/_trace.html.erb (2.8ms)
  Rendered /home/AM/.rvm/gems/ruby-2.0.0-p598/gems/actionpack-4.1.5/lib/action_dispatch/middleware/templates/rescues/_request_and_response.html.erb (3.2ms)
  Rendered /home/AM/.rvm/gems/ruby-2.0.0-p598/gems/actionpack-4.1.5/lib/action_dispatch/middleware/templates/rescues/diagnostics.erb within rescues/layout (35.3ms)


Started GET "/automated_metareview/AutomatedMetareview" for 127.0.0.1 at 2015-03-25 04:38:25 -0400

LoadError (cannot load such file -- wordnet):
  app/controllers/automated_metareview_controller.rb:2:in `<top (required)>'


  Rendered /home/AM/.rvm/gems/ruby-2.0.0-p598/gems/actionpack-4.1.5/lib/action_dispatch/middleware/templates/rescues/_source.erb (1.6ms)
  Rendered /home/AM/.rvm/gems/ruby-2.0.0-p598/gems/actionpack-4.1.5/lib/action_dispatch/middleware/templates/rescues/_trace.html.erb (3.0ms)
  Rendered /home/AM/.rvm/gems/ruby-2.0.0-p598/gems/actionpack-4.1.5/lib/action_dispatch/middleware/templates/rescues/_request_and_response.html.erb (21.3ms)
  Rendered /home/AM/.rvm/gems/ruby-2.0.0-p598/gems/actionpack-4.1.5/lib/action_dispatch/middleware/templates/rescues/diagnostics.erb within rescues/layout (55.1ms)


Started GET "/automated_metareview/AutomatedMetareview" for 127.0.0.1 at 2015-03-25 05:06:31 -0400
Processing by AutomatedMetareviewController#AutomatedMetareview as HTML
Completed 500 Internal Server Error in 20ms

NotImplementedError (Please switch to Ruby 1.9's standard CSV library.  It's FasterCSV plus support for Ruby 1.9's m17n encoding engine.):
  app/models/text_preprocessing.rb:15:in `fetch_data'
  app/controllers/automated_metareview_controller.rb:25:in `AutomatedMetareview'


  Rendered /home/AM/.rvm/gems/ruby-2.0.0-p598/gems/actionpack-4.1.5/lib/action_dispatch/middleware/templates/rescues/_source.erb (2.4ms)
  Rendered /home/AM/.rvm/gems/ruby-2.0.0-p598/gems/actionpack-4.1.5/lib/action_dispatch/middleware/templates/rescues/_trace.html.erb (2.9ms)
  Rendered /home/AM/.rvm/gems/ruby-2.0.0-p598/gems/actionpack-4.1.5/lib/action_dispatch/middleware/templates/rescues/_request_and_response.html.erb (2.6ms)
  Rendered /home/AM/.rvm/gems/ruby-2.0.0-p598/gems/actionpack-4.1.5/lib/action_dispatch/middleware/templates/rescues/diagnostics.erb within rescues/layout (39.2ms)


Started GET "/automated_metareview/AutomatedMetareview" for 127.0.0.1 at 2015-03-25 05:08:52 -0400
Processing by AutomatedMetareviewController#AutomatedMetareview as HTML
Completed 500 Internal Server Error in 3ms

NotImplementedError (Please switch to Ruby 1.9's standard CSV library.  It's FasterCSV plus support for Ruby 1.9's m17n encoding engine.):
  app/models/text_preprocessing.rb:15:in `fetch_data'
  app/controllers/automated_metareview_controller.rb:25:in `AutomatedMetareview'


  Rendered /home/AM/.rvm/gems/ruby-2.0.0-p598/gems/actionpack-4.1.5/lib/action_dispatch/middleware/templates/rescues/_source.erb (1.8ms)
  Rendered /home/AM/.rvm/gems/ruby-2.0.0-p598/gems/actionpack-4.1.5/lib/action_dispatch/middleware/templates/rescues/_trace.html.erb (3.2ms)
  Rendered /home/AM/.rvm/gems/ruby-2.0.0-p598/gems/actionpack-4.1.5/lib/action_dispatch/middleware/templates/rescues/_request_and_response.html.erb (2.9ms)
  Rendered /home/AM/.rvm/gems/ruby-2.0.0-p598/gems/actionpack-4.1.5/lib/action_dispatch/middleware/templates/rescues/diagnostics.erb within rescues/layout (35.1ms)


Started GET "/automated_metareview/AutomatedMetareview" for 127.0.0.1 at 2015-03-25 05:08:56 -0400
Processing by AutomatedMetareviewController#AutomatedMetareview as HTML
Completed 500 Internal Server Error in 2ms

NotImplementedError (Please switch to Ruby 1.9's standard CSV library.  It's FasterCSV plus support for Ruby 1.9's m17n encoding engine.):
  app/models/text_preprocessing.rb:15:in `fetch_data'
  app/controllers/automated_metareview_controller.rb:25:in `AutomatedMetareview'


  Rendered /home/AM/.rvm/gems/ruby-2.0.0-p598/gems/actionpack-4.1.5/lib/action_dispatch/middleware/templates/rescues/_source.erb (2.0ms)
  Rendered /home/AM/.rvm/gems/ruby-2.0.0-p598/gems/actionpack-4.1.5/lib/action_dispatch/middleware/templates/rescues/_trace.html.erb (3.3ms)
  Rendered /home/AM/.rvm/gems/ruby-2.0.0-p598/gems/actionpack-4.1.5/lib/action_dispatch/middleware/templates/rescues/_request_and_response.html.erb (2.9ms)
  Rendered /home/AM/.rvm/gems/ruby-2.0.0-p598/gems/actionpack-4.1.5/lib/action_dispatch/middleware/templates/rescues/diagnostics.erb within rescues/layout (37.4ms)


Started GET "/automated_metareview/AutomatedMetareview" for 127.0.0.1 at 2015-03-25 05:10:48 -0400
Processing by AutomatedMetareviewController#AutomatedMetareview as HTML
Completed 500 Internal Server Error in 2ms

NotImplementedError (Please switch to Ruby 1.9's standard CSV library.  It's FasterCSV plus support for Ruby 1.9's m17n encoding engine.):
  app/models/text_preprocessing.rb:15:in `fetch_data'
  app/controllers/automated_metareview_controller.rb:25:in `AutomatedMetareview'


  Rendered /home/AM/.rvm/gems/ruby-2.0.0-p598/gems/actionpack-4.1.5/lib/action_dispatch/middleware/templates/rescues/_source.erb (1.7ms)
  Rendered /home/AM/.rvm/gems/ruby-2.0.0-p598/gems/actionpack-4.1.5/lib/action_dispatch/middleware/templates/rescues/_trace.html.erb (3.2ms)
  Rendered /home/AM/.rvm/gems/ruby-2.0.0-p598/gems/actionpack-4.1.5/lib/action_dispatch/middleware/templates/rescues/_request_and_response.html.erb (2.5ms)
  Rendered /home/AM/.rvm/gems/ruby-2.0.0-p598/gems/actionpack-4.1.5/lib/action_dispatch/middleware/templates/rescues/diagnostics.erb within rescues/layout (36.7ms)


Started GET "/automated_metareview/AutomatedMetareview" for 127.0.0.1 at 2015-03-25 05:11:57 -0400
Processing by AutomatedMetareviewController#AutomatedMetareview as HTML
Completed 500 Internal Server Error in 2ms

NotImplementedError (Please switch to Ruby 1.9's standard CSV library.  It's FasterCSV plus support for Ruby 1.9's m17n encoding engine.):
  app/models/text_preprocessing.rb:15:in `fetch_data'
  app/controllers/automated_metareview_controller.rb:25:in `AutomatedMetareview'


  Rendered /home/AM/.rvm/gems/ruby-2.0.0-p598/gems/actionpack-4.1.5/lib/action_dispatch/middleware/templates/rescues/_source.erb (1.8ms)
  Rendered /home/AM/.rvm/gems/ruby-2.0.0-p598/gems/actionpack-4.1.5/lib/action_dispatch/middleware/templates/rescues/_trace.html.erb (2.9ms)
  Rendered /home/AM/.rvm/gems/ruby-2.0.0-p598/gems/actionpack-4.1.5/lib/action_dispatch/middleware/templates/rescues/_request_and_response.html.erb (2.5ms)
  Rendered /home/AM/.rvm/gems/ruby-2.0.0-p598/gems/actionpack-4.1.5/lib/action_dispatch/middleware/templates/rescues/diagnostics.erb within rescues/layout (35.5ms)


Started GET "/automated_metareview/AutomatedMetareview" for 127.0.0.1 at 2015-03-25 05:12:36 -0400
Processing by AutomatedMetareviewController#AutomatedMetareview as HTML
Completed 500 Internal Server Error in 2ms

NotImplementedError (Please switch to Ruby 1.9's standard CSV library.  It's FasterCSV plus support for Ruby 1.9's m17n encoding engine.):
  app/models/text_preprocessing.rb:15:in `fetch_data'
  app/controllers/automated_metareview_controller.rb:25:in `AutomatedMetareview'


  Rendered /home/AM/.rvm/gems/ruby-2.0.0-p598/gems/actionpack-4.1.5/lib/action_dispatch/middleware/templates/rescues/_source.erb (1.9ms)
  Rendered /home/AM/.rvm/gems/ruby-2.0.0-p598/gems/actionpack-4.1.5/lib/action_dispatch/middleware/templates/rescues/_trace.html.erb (2.7ms)
  Rendered /home/AM/.rvm/gems/ruby-2.0.0-p598/gems/actionpack-4.1.5/lib/action_dispatch/middleware/templates/rescues/_request_and_response.html.erb (2.4ms)
  Rendered /home/AM/.rvm/gems/ruby-2.0.0-p598/gems/actionpack-4.1.5/lib/action_dispatch/middleware/templates/rescues/diagnostics.erb within rescues/layout (34.7ms)


Started GET "/automated_metareview/AutomatedMetareview" for 127.0.0.1 at 2015-03-25 05:13:19 -0400

LoadError (cannot load such file -- CSV):
  app/models/text_preprocessing.rb:4:in `<top (required)>'
  app/controllers/automated_metareview_controller.rb:12:in `<top (required)>'


  Rendered /home/AM/.rvm/gems/ruby-2.0.0-p598/gems/actionpack-4.1.5/lib/action_dispatch/middleware/templates/rescues/_source.erb (1.9ms)
  Rendered /home/AM/.rvm/gems/ruby-2.0.0-p598/gems/actionpack-4.1.5/lib/action_dispatch/middleware/templates/rescues/_trace.html.erb (2.5ms)
  Rendered /home/AM/.rvm/gems/ruby-2.0.0-p598/gems/actionpack-4.1.5/lib/action_dispatch/middleware/templates/rescues/_request_and_response.html.erb (24.6ms)
  Rendered /home/AM/.rvm/gems/ruby-2.0.0-p598/gems/actionpack-4.1.5/lib/action_dispatch/middleware/templates/rescues/diagnostics.erb within rescues/layout (58.3ms)


Started GET "/automated_metareview/AutomatedMetareview" for 127.0.0.1 at 2015-03-25 05:13:51 -0400
Processing by AutomatedMetareviewController#AutomatedMetareview as HTML
Completed 500 Internal Server Error in 2ms

Errno::ENOENT (No such file or directory - data/reviews.csv):
  app/models/text_preprocessing.rb:15:in `fetch_data'
  app/controllers/automated_metareview_controller.rb:25:in `AutomatedMetareview'


  Rendered /home/AM/.rvm/gems/ruby-2.0.0-p598/gems/actionpack-4.1.5/lib/action_dispatch/middleware/templates/rescues/_source.erb (1.7ms)
  Rendered /home/AM/.rvm/gems/ruby-2.0.0-p598/gems/actionpack-4.1.5/lib/action_dispatch/middleware/templates/rescues/_trace.html.erb (3.2ms)
  Rendered /home/AM/.rvm/gems/ruby-2.0.0-p598/gems/actionpack-4.1.5/lib/action_dispatch/middleware/templates/rescues/_request_and_response.html.erb (2.8ms)
  Rendered /home/AM/.rvm/gems/ruby-2.0.0-p598/gems/actionpack-4.1.5/lib/action_dispatch/middleware/templates/rescues/diagnostics.erb within rescues/layout (39.8ms)


Started GET "/automated_metareview/AutomatedMetareview" for 127.0.0.1 at 2015-03-25 05:16:09 -0400
Processing by AutomatedMetareviewController#AutomatedMetareview as HTML
Completed 500 Internal Server Error in 3ms

Errno::ENOENT (No such file or directory - data/output-sample.csv):
  app/controllers/automated_metareview_controller.rb:30:in `AutomatedMetareview'


  Rendered /home/AM/.rvm/gems/ruby-2.0.0-p598/gems/actionpack-4.1.5/lib/action_dispatch/middleware/templates/rescues/_source.erb (1.8ms)
  Rendered /home/AM/.rvm/gems/ruby-2.0.0-p598/gems/actionpack-4.1.5/lib/action_dispatch/middleware/templates/rescues/_trace.html.erb (3.0ms)
  Rendered /home/AM/.rvm/gems/ruby-2.0.0-p598/gems/actionpack-4.1.5/lib/action_dispatch/middleware/templates/rescues/_request_and_response.html.erb (2.1ms)
  Rendered /home/AM/.rvm/gems/ruby-2.0.0-p598/gems/actionpack-4.1.5/lib/action_dispatch/middleware/templates/rescues/diagnostics.erb within rescues/layout (34.3ms)


Started GET "/automated_metareview/AutomatedMetareview" for 127.0.0.1 at 2015-03-25 05:16:34 -0400
Processing by AutomatedMetareviewController#AutomatedMetareview as HTML
Completed 500 Internal Server Error in 23ms

ArgumentError (The used dictionary "en_US" is not available):
  app/models/automated_metareview.rb:36:in `new'
  app/models/automated_metareview.rb:36:in `calculate_metareview_metrics'
  app/controllers/automated_metareview_controller.rb:40:in `block in AutomatedMetareview'
  app/controllers/automated_metareview_controller.rb:34:in `AutomatedMetareview'


  Rendered /home/AM/.rvm/gems/ruby-2.0.0-p598/gems/actionpack-4.1.5/lib/action_dispatch/middleware/templates/rescues/_source.erb (2.3ms)
  Rendered /home/AM/.rvm/gems/ruby-2.0.0-p598/gems/actionpack-4.1.5/lib/action_dispatch/middleware/templates/rescues/_trace.html.erb (3.5ms)
  Rendered /home/AM/.rvm/gems/ruby-2.0.0-p598/gems/actionpack-4.1.5/lib/action_dispatch/middleware/templates/rescues/_request_and_response.html.erb (2.6ms)
  Rendered /home/AM/.rvm/gems/ruby-2.0.0-p598/gems/actionpack-4.1.5/lib/action_dispatch/middleware/templates/rescues/diagnostics.erb within rescues/layout (38.0ms)


Started GET "/automated_metareview/AutomatedMetareview" for 127.0.0.1 at 2015-03-25 05:25:00 -0400
Processing by AutomatedMetareviewController#AutomatedMetareview as HTML
Completed 500 Internal Server Error in 5ms

ArgumentError (The used dictionary "en_US" is not available):
  app/models/automated_metareview.rb:36:in `new'
  app/models/automated_metareview.rb:36:in `calculate_metareview_metrics'
  app/controllers/automated_metareview_controller.rb:40:in `block in AutomatedMetareview'
  app/controllers/automated_metareview_controller.rb:34:in `AutomatedMetareview'


  Rendered /home/AM/.rvm/gems/ruby-2.0.0-p598/gems/actionpack-4.1.5/lib/action_dispatch/middleware/templates/rescues/_source.erb (1.9ms)
  Rendered /home/AM/.rvm/gems/ruby-2.0.0-p598/gems/actionpack-4.1.5/lib/action_dispatch/middleware/templates/rescues/_trace.html.erb (3.1ms)
  Rendered /home/AM/.rvm/gems/ruby-2.0.0-p598/gems/actionpack-4.1.5/lib/action_dispatch/middleware/templates/rescues/_request_and_response.html.erb (2.5ms)
  Rendered /home/AM/.rvm/gems/ruby-2.0.0-p598/gems/actionpack-4.1.5/lib/action_dispatch/middleware/templates/rescues/diagnostics.erb within rescues/layout (37.7ms)


Started GET "/automated_metareview/AutomatedMetareview" for 127.0.0.1 at 2015-03-25 05:25:03 -0400
Processing by AutomatedMetareviewController#AutomatedMetareview as HTML
Completed 500 Internal Server Error in 4ms

ArgumentError (The used dictionary "en_US" is not available):
  app/models/automated_metareview.rb:36:in `new'
  app/models/automated_metareview.rb:36:in `calculate_metareview_metrics'
  app/controllers/automated_metareview_controller.rb:40:in `block in AutomatedMetareview'
  app/controllers/automated_metareview_controller.rb:34:in `AutomatedMetareview'


  Rendered /home/AM/.rvm/gems/ruby-2.0.0-p598/gems/actionpack-4.1.5/lib/action_dispatch/middleware/templates/rescues/_source.erb (2.2ms)
  Rendered /home/AM/.rvm/gems/ruby-2.0.0-p598/gems/actionpack-4.1.5/lib/action_dispatch/middleware/templates/rescues/_trace.html.erb (3.8ms)
  Rendered /home/AM/.rvm/gems/ruby-2.0.0-p598/gems/actionpack-4.1.5/lib/action_dispatch/middleware/templates/rescues/_request_and_response.html.erb (2.7ms)
  Rendered /home/AM/.rvm/gems/ruby-2.0.0-p598/gems/actionpack-4.1.5/lib/action_dispatch/middleware/templates/rescues/diagnostics.erb within rescues/layout (39.2ms)


Started GET "/" for 127.0.0.1 at 2015-03-27 16:24:41 -0400

Mysql2::Error (Can't connect to local MySQL server through socket '/var/lib/mysql/mysql.sock' (2)):
  mysql2 (0.3.18) lib/mysql2/client.rb:70:in `connect'
  mysql2 (0.3.18) lib/mysql2/client.rb:70:in `initialize'
  activerecord (4.1.5) lib/active_record/connection_adapters/mysql2_adapter.rb:18:in `new'
  activerecord (4.1.5) lib/active_record/connection_adapters/mysql2_adapter.rb:18:in `mysql2_connection'
  activerecord (4.1.5) lib/active_record/connection_adapters/abstract/connection_pool.rb:435:in `new_connection'
  activerecord (4.1.5) lib/active_record/connection_adapters/abstract/connection_pool.rb:445:in `checkout_new_connection'
  activerecord (4.1.5) lib/active_record/connection_adapters/abstract/connection_pool.rb:416:in `acquire_connection'
  activerecord (4.1.5) lib/active_record/connection_adapters/abstract/connection_pool.rb:351:in `block in checkout'
  /home/AM/.rvm/rubies/ruby-2.0.0-p598/lib/ruby/2.0.0/monitor.rb:211:in `mon_synchronize'
  activerecord (4.1.5) lib/active_record/connection_adapters/abstract/connection_pool.rb:350:in `checkout'
  activerecord (4.1.5) lib/active_record/connection_adapters/abstract/connection_pool.rb:265:in `block in connection'
  /home/AM/.rvm/rubies/ruby-2.0.0-p598/lib/ruby/2.0.0/monitor.rb:211:in `mon_synchronize'
  activerecord (4.1.5) lib/active_record/connection_adapters/abstract/connection_pool.rb:264:in `connection'
  activerecord (4.1.5) lib/active_record/connection_adapters/abstract/connection_pool.rb:541:in `retrieve_connection'
  activerecord (4.1.5) lib/active_record/connection_handling.rb:113:in `retrieve_connection'
  activerecord (4.1.5) lib/active_record/connection_handling.rb:87:in `connection'
  activerecord (4.1.5) lib/active_record/query_cache.rb:51:in `restore_query_cache_settings'
  activerecord (4.1.5) lib/active_record/query_cache.rb:43:in `rescue in call'
  activerecord (4.1.5) lib/active_record/query_cache.rb:32:in `call'
  activerecord (4.1.5) lib/active_record/connection_adapters/abstract/connection_pool.rb:621:in `call'
  activerecord (4.1.5) lib/active_record/migration.rb:380:in `call'
  actionpack (4.1.5) lib/action_dispatch/middleware/callbacks.rb:29:in `block in call'
  activesupport (4.1.5) lib/active_support/callbacks.rb:82:in `run_callbacks'
  actionpack (4.1.5) lib/action_dispatch/middleware/callbacks.rb:27:in `call'
  actionpack (4.1.5) lib/action_dispatch/middleware/reloader.rb:73:in `call'
  actionpack (4.1.5) lib/action_dispatch/middleware/remote_ip.rb:76:in `call'
  actionpack (4.1.5) lib/action_dispatch/middleware/debug_exceptions.rb:17:in `call'
  actionpack (4.1.5) lib/action_dispatch/middleware/show_exceptions.rb:30:in `call'
  railties (4.1.5) lib/rails/rack/logger.rb:38:in `call_app'
  railties (4.1.5) lib/rails/rack/logger.rb:20:in `block in call'
  activesupport (4.1.5) lib/active_support/tagged_logging.rb:68:in `block in tagged'
  activesupport (4.1.5) lib/active_support/tagged_logging.rb:26:in `tagged'
  activesupport (4.1.5) lib/active_support/tagged_logging.rb:68:in `tagged'
  railties (4.1.5) lib/rails/rack/logger.rb:20:in `call'
  actionpack (4.1.5) lib/action_dispatch/middleware/request_id.rb:21:in `call'
  rack (1.5.2) lib/rack/methodoverride.rb:21:in `call'
  rack (1.5.2) lib/rack/runtime.rb:17:in `call'
  activesupport (4.1.5) lib/active_support/cache/strategy/local_cache_middleware.rb:26:in `call'
  rack (1.5.2) lib/rack/lock.rb:17:in `call'
  actionpack (4.1.5) lib/action_dispatch/middleware/static.rb:64:in `call'
  rack (1.5.2) lib/rack/sendfile.rb:112:in `call'
  railties (4.1.5) lib/rails/engine.rb:514:in `call'
  railties (4.1.5) lib/rails/application.rb:144:in `call'
  rack (1.5.2) lib/rack/lock.rb:17:in `call'
  rack (1.5.2) lib/rack/content_length.rb:14:in `call'
  rack (1.5.2) lib/rack/handler/webrick.rb:60:in `service'
  /home/AM/.rvm/rubies/ruby-2.0.0-p598/lib/ruby/2.0.0/webrick/httpserver.rb:138:in `service'
  /home/AM/.rvm/rubies/ruby-2.0.0-p598/lib/ruby/2.0.0/webrick/httpserver.rb:94:in `run'
  /home/AM/.rvm/rubies/ruby-2.0.0-p598/lib/ruby/2.0.0/webrick/server.rb:295:in `block in start_thread'


  Rendered /home/AM/.rvm/gems/ruby-2.0.0-p598/gems/actionpack-4.1.5/lib/action_dispatch/middleware/templates/rescues/_source.erb (2.8ms)
  Rendered /home/AM/.rvm/gems/ruby-2.0.0-p598/gems/actionpack-4.1.5/lib/action_dispatch/middleware/templates/rescues/_trace.html.erb (5.5ms)
  Rendered /home/AM/.rvm/gems/ruby-2.0.0-p598/gems/actionpack-4.1.5/lib/action_dispatch/middleware/templates/rescues/_request_and_response.html.erb (3.0ms)
  Rendered /home/AM/.rvm/gems/ruby-2.0.0-p598/gems/actionpack-4.1.5/lib/action_dispatch/middleware/templates/rescues/diagnostics.erb within rescues/layout (111.9ms)
